# JRE version: Java(TM) SE Runtime Environment (7.0_51-b13) (build 1.7.0_51-b13)
# Java VM: Java HotSpot(TM) 64-Bit Server VM (24.51-b03 mixed mode bsd-amd64 compressed oops)
Heap
 PSYoungGen      total 129024K, used 52102K [0x00000007f5900000, 0x00000007ffc00000, 0x0000000800000000)
  eden space 95232K, 50% used [0x00000007f5900000,0x00000007f8821950,0x00000007fb600000)
  from space 33792K, 11% used [0x00000007fdb00000,0x00000007fdec0180,0x00000007ffc00000)
  to   space 35840K, 0% used [0x00000007fb600000,0x00000007fb600000,0x00000007fd900000)
 ParOldGen       total 174592K, used 69777K [0x00000007e0c00000, 0x00000007eb680000, 0x00000007f5900000)
  object space 174592K, 39% used [0x00000007e0c00000,0x00000007e5024528,0x00000007eb680000)
 PSPermGen       total 42496K, used 41985K [0x00000007dba00000, 0x00000007de380000, 0x00000007e0c00000)
  object space 42496K, 98% used [0x00000007dba00000,0x00000007de3004c0,0x00000007de380000)
GC Heap History (10 events):
Event: 84.275 GC heap before
{Heap before GC invocations=8 (full 0):
 PSYoungGen      total 140288K, used 139974K [0x00000007f5900000, 0x0000000800000000, 0x0000000800000000)
  eden space 112640K, 100% used [0x00000007f5900000,0x00000007fc700000,0x00000007fc700000)
  from space 27648K, 98% used [0x00000007fc700000,0x00000007fe1b19c0,0x00000007fe200000)
  to   space 30720K, 0% used [0x00000007fe200000,0x00000007fe200000,0x0000000800000000)
 ParOldGen       total 174592K, used 38668K [0x00000007e0c00000, 0x00000007eb680000, 0x00000007f5900000)
  object space 174592K, 22% used [0x00000007e0c00000,0x00000007e31c3028,0x00000007eb680000)
 PSPermGen       total 37376K, used 37171K [0x00000007dba00000, 0x00000007dde80000, 0x00000007e0c00000)
  object space 37376K, 99% used [0x00000007dba00000,0x00000007dde4cc50,0x00000007dde80000)
Event: 84.304 GC heap after
Heap after GC invocations=8 (full 0):
 PSYoungGen      total 134144K, used 26534K [0x00000007f5900000, 0x0000000800000000, 0x0000000800000000)
  eden space 103424K, 0% used [0x00000007f5900000,0x00000007f5900000,0x00000007fbe00000)
  from space 30720K, 86% used [0x00000007fe200000,0x00000007ffbe9b18,0x0000000800000000)
  to   space 33792K, 0% used [0x00000007fbe00000,0x00000007fbe00000,0x00000007fdf00000)
 ParOldGen       total 174592K, used 41660K [0x00000007e0c00000, 0x00000007eb680000, 0x00000007f5900000)
  object space 174592K, 23% used [0x00000007e0c00000,0x00000007e34af098,0x00000007eb680000)
 PSPermGen       total 37376K, used 37171K [0x00000007dba00000, 0x00000007dde80000, 0x00000007e0c00000)
  object space 37376K, 99% used [0x00000007dba00000,0x00000007dde4cc50,0x00000007dde80000)
}
Event: 201.614 GC heap before
{Heap before GC invocations=9 (full 0):
 PSYoungGen      total 134144K, used 129958K [0x00000007f5900000, 0x0000000800000000, 0x0000000800000000)
  eden space 103424K, 100% used [0x00000007f5900000,0x00000007fbe00000,0x00000007fbe00000)
  from space 30720K, 86% used [0x00000007fe200000,0x00000007ffbe9b18,0x0000000800000000)
  to   space 33792K, 0% used [0x00000007fbe00000,0x00000007fbe00000,0x00000007fdf00000)
 ParOldGen       total 174592K, used 41660K [0x00000007e0c00000, 0x00000007eb680000, 0x00000007f5900000)
  object space 174592K, 23% used [0x00000007e0c00000,0x00000007e34af098,0x00000007eb680000)
 PSPermGen       total 38400K, used 38246K [0x00000007dba00000, 0x00000007ddf80000, 0x00000007e0c00000)
  object space 38400K, 99% used [0x00000007dba00000,0x00000007ddf598c8,0x00000007ddf80000)
Event: 201.666 GC heap after
Heap after GC invocations=9 (full 0):
 PSYoungGen      total 137216K, used 15648K [0x00000007f5900000, 0x0000000800000000, 0x0000000800000000)
  eden space 103424K, 0% used [0x00000007f5900000,0x00000007f5900000,0x00000007fbe00000)
  from space 33792K, 46% used [0x00000007fbe00000,0x00000007fcd480f0,0x00000007fdf00000)
  to   space 33280K, 0% used [0x00000007fdf80000,0x00000007fdf80000,0x0000000800000000)
 ParOldGen       total 174592K, used 54464K [0x00000007e0c00000, 0x00000007eb680000, 0x00000007f5900000)
  object space 174592K, 31% used [0x00000007e0c00000,0x00000007e4130008,0x00000007eb680000)
 PSPermGen       total 38400K, used 38246K [0x00000007dba00000, 0x00000007ddf80000, 0x00000007e0c00000)
  object space 38400K, 99% used [0x00000007dba00000,0x00000007ddf598c8,0x00000007ddf80000)
}
Event: 426.977 GC heap before
{Heap before GC invocations=10 (full 0):
 PSYoungGen      total 137216K, used 119072K [0x00000007f5900000, 0x0000000800000000, 0x0000000800000000)
  eden space 103424K, 100% used [0x00000007f5900000,0x00000007fbe00000,0x00000007fbe00000)
  from space 33792K, 46% used [0x00000007fbe00000,0x00000007fcd480f0,0x00000007fdf00000)
  to   space 33280K, 0% used [0x00000007fdf80000,0x00000007fdf80000,0x0000000800000000)
 ParOldGen       total 174592K, used 54464K [0x00000007e0c00000, 0x00000007eb680000, 0x00000007f5900000)
  object space 174592K, 31% used [0x00000007e0c00000,0x00000007e4130008,0x00000007eb680000)
 PSPermGen       total 39424K, used 39326K [0x00000007dba00000, 0x00000007de080000, 0x00000007e0c00000)
  object space 39424K, 99% used [0x00000007dba00000,0x00000007de067bc0,0x00000007de080000)
Event: 426.998 GC heap after
Heap after GC invocations=10 (full 0):
 PSYoungGen      total 131584K, used 6114K [0x00000007f5900000, 0x00000007ffe00000, 0x0000000800000000)
  eden space 100352K, 0% used [0x00000007f5900000,0x00000007f5900000,0x00000007fbb00000)
  from space 31232K, 19% used [0x00000007fdf80000,0x00000007fe578bb0,0x00000007ffe00000)
  to   space 34304K, 0% used [0x00000007fbb00000,0x00000007fbb00000,0x00000007fdc80000)
 ParOldGen       total 174592K, used 65996K [0x00000007e0c00000, 0x00000007eb680000, 0x00000007f5900000)
  object space 174592K, 37% used [0x00000007e0c00000,0x00000007e4c73128,0x00000007eb680000)
 PSPermGen       total 39424K, used 39326K [0x00000007dba00000, 0x00000007de080000, 0x00000007e0c00000)
  object space 39424K, 99% used [0x00000007dba00000,0x00000007de067bc0,0x00000007de080000)
}
Event: 438.979 GC heap before
{Heap before GC invocations=11 (full 0):
 PSYoungGen      total 131584K, used 106466K [0x00000007f5900000, 0x00000007ffe00000, 0x0000000800000000)
  eden space 100352K, 100% used [0x00000007f5900000,0x00000007fbb00000,0x00000007fbb00000)
  from space 31232K, 19% used [0x00000007fdf80000,0x00000007fe578bb0,0x00000007ffe00000)
  to   space 34304K, 0% used [0x00000007fbb00000,0x00000007fbb00000,0x00000007fdc80000)
 ParOldGen       total 174592K, used 65996K [0x00000007e0c00000, 0x00000007eb680000, 0x00000007f5900000)
  object space 174592K, 37% used [0x00000007e0c00000,0x00000007e4c73128,0x00000007eb680000)
 PSPermGen       total 41472K, used 40979K [0x00000007dba00000, 0x00000007de280000, 0x00000007e0c00000)
  object space 41472K, 98% used [0x00000007dba00000,0x00000007de204da0,0x00000007de280000)
Event: 438.990 GC heap after
Heap after GC invocations=11 (full 0):
 PSYoungGen      total 100864K, used 3040K [0x00000007f5900000, 0x00000007ffd80000, 0x0000000800000000)
  eden space 97792K, 0% used [0x00000007f5900000,0x00000007f5900000,0x00000007fb880000)
  from space 3072K, 98% used [0x00000007fbb00000,0x00000007fbdf8070,0x00000007fbe00000)
  to   space 35328K, 0% used [0x00000007fdb00000,0x00000007fdb00000,0x00000007ffd80000)
 ParOldGen       total 174592K, used 68307K [0x00000007e0c00000, 0x00000007eb680000, 0x00000007f5900000)
  object space 174592K, 39% used [0x00000007e0c00000,0x00000007e4eb4e38,0x00000007eb680000)
 PSPermGen       total 41472K, used 40979K [0x00000007dba00000, 0x00000007de280000, 0x00000007e0c00000)
  object space 41472K, 98% used [0x00000007dba00000,0x00000007de204da0,0x00000007de280000)
}
Event: 534.770 GC heap before
{Heap before GC invocations=12 (full 0):
 PSYoungGen      total 100864K, used 100832K [0x00000007f5900000, 0x00000007ffd80000, 0x0000000800000000)
  eden space 97792K, 100% used [0x00000007f5900000,0x00000007fb880000,0x00000007fb880000)
  from space 3072K, 98% used [0x00000007fbb00000,0x00000007fbdf8070,0x00000007fbe00000)
  to   space 35328K, 0% used [0x00000007fdb00000,0x00000007fdb00000,0x00000007ffd80000)
 ParOldGen       total 174592K, used 68307K [0x00000007e0c00000, 0x00000007eb680000, 0x00000007f5900000)
  object space 174592K, 39% used [0x00000007e0c00000,0x00000007e4eb4e38,0x00000007eb680000)
 PSPermGen       total 41984K, used 41698K [0x00000007dba00000, 0x00000007de300000, 0x00000007e0c00000)
  object space 41984K, 99% used [0x00000007dba00000,0x00000007de2b88e8,0x00000007de300000)
Event: 534.783 GC heap after
Heap after GC invocations=12 (full 0):
 PSYoungGen      total 129024K, used 3840K [0x00000007f5900000, 0x00000007ffc00000, 0x0000000800000000)
  eden space 95232K, 0% used [0x00000007f5900000,0x00000007f5900000,0x00000007fb600000)
  from space 33792K, 11% used [0x00000007fdb00000,0x00000007fdec0180,0x00000007ffc00000)
  to   space 35840K, 0% used [0x00000007fb600000,0x00000007fb600000,0x00000007fd900000)
 ParOldGen       total 174592K, used 69777K [0x00000007e0c00000, 0x00000007eb680000, 0x00000007f5900000)
  object space 174592K, 39% used [0x00000007e0c00000,0x00000007e5024528,0x00000007eb680000)
 PSPermGen       total 41984K, used 41698K [0x00000007dba00000, 0x00000007de300000, 0x00000007e0c00000)
  object space 41984K, 99% used [0x00000007dba00000,0x00000007de2b88e8,0x00000007de300000)
}

